2015-11-10 06:11:51.432+0000 INFO  [o.n.k.i.f.CommunityFacadeFactory] No locking implementation specified, defaulting to 'community'
2015-11-10 06:11:51.556+0000 INFO  [o.n.k.i.DiagnosticsManager] --- INITIALIZED diagnostics START ---
2015-11-10 06:11:51.556+0000 INFO  [o.n.k.i.DiagnosticsManager] Neo4j Kernel properties:
2015-11-10 06:11:51.556+0000 INFO  [o.n.k.i.DiagnosticsManager] org.neo4j.server.webserver.https.keystore.location=data/keystore
2015-11-10 06:11:51.556+0000 INFO  [o.n.k.i.DiagnosticsManager] org.neo4j.server.db.tuning.properties=conf/neo4j.properties
2015-11-10 06:11:51.557+0000 INFO  [o.n.k.i.DiagnosticsManager] org.neo4j.server.database.location=data/graph.db
2015-11-10 06:11:51.557+0000 INFO  [o.n.k.i.DiagnosticsManager] org.neo4j.server.webserver.port=7474
2015-11-10 06:11:51.557+0000 INFO  [o.n.k.i.DiagnosticsManager] org.neo4j.server.http.log.config=conf/neo4j-http-logging.xml
2015-11-10 06:11:51.557+0000 INFO  [o.n.k.i.DiagnosticsManager] dbms.querylog.filename=data/log/queries.log
2015-11-10 06:11:51.557+0000 INFO  [o.n.k.i.DiagnosticsManager] org.neo4j.server.webserver.https.enabled=true
2015-11-10 06:11:51.557+0000 INFO  [o.n.k.i.DiagnosticsManager] org.neo4j.server.http.log.enabled=false
2015-11-10 06:11:51.557+0000 INFO  [o.n.k.i.DiagnosticsManager] dbms.security.tls_certificate_file=conf/ssl/snakeoil.cert
2015-11-10 06:11:51.557+0000 INFO  [o.n.k.i.DiagnosticsManager] org.neo4j.server.webserver.https.port=7473
2015-11-10 06:11:51.557+0000 INFO  [o.n.k.i.DiagnosticsManager] org.neo4j.server.webadmin.rrdb.location=data/rrd
2015-11-10 06:11:51.557+0000 INFO  [o.n.k.i.DiagnosticsManager] remote_shell_enabled=true
2015-11-10 06:11:51.558+0000 INFO  [o.n.k.i.DiagnosticsManager] edition=Community
2015-11-10 06:11:51.558+0000 INFO  [o.n.k.i.DiagnosticsManager] dbms.security.tls_key_file=conf/ssl/snakeoil.key
2015-11-10 06:11:51.558+0000 INFO  [o.n.k.i.DiagnosticsManager] dbms.security.auth_enabled=true
2015-11-10 06:11:51.558+0000 INFO  [o.n.k.i.DiagnosticsManager] Diagnostics providers:
2015-11-10 06:11:51.558+0000 INFO  [o.n.k.i.DiagnosticsManager] org.neo4j.kernel.configuration.Config
2015-11-10 06:11:51.558+0000 INFO  [o.n.k.i.DiagnosticsManager] org.neo4j.kernel.info.DiagnosticsManager
2015-11-10 06:11:51.558+0000 INFO  [o.n.k.i.DiagnosticsManager] SYSTEM_MEMORY
2015-11-10 06:11:51.558+0000 INFO  [o.n.k.i.DiagnosticsManager] JAVA_MEMORY
2015-11-10 06:11:51.558+0000 INFO  [o.n.k.i.DiagnosticsManager] OPERATING_SYSTEM
2015-11-10 06:11:51.558+0000 INFO  [o.n.k.i.DiagnosticsManager] JAVA_VIRTUAL_MACHINE
2015-11-10 06:11:51.558+0000 INFO  [o.n.k.i.DiagnosticsManager] CLASSPATH
2015-11-10 06:11:51.558+0000 INFO  [o.n.k.i.DiagnosticsManager] LIBRARY_PATH
2015-11-10 06:11:51.558+0000 INFO  [o.n.k.i.DiagnosticsManager] SYSTEM_PROPERTIES
2015-11-10 06:11:51.558+0000 INFO  [o.n.k.i.DiagnosticsManager] NETWORK
2015-11-10 06:11:51.558+0000 INFO  [o.n.k.i.DiagnosticsManager] System memory information:
2015-11-10 06:11:51.561+0000 INFO  [o.n.k.i.DiagnosticsManager] Total Physical memory: 8.00 GB
2015-11-10 06:11:51.562+0000 INFO  [o.n.k.i.DiagnosticsManager] Free Physical memory: 1.03 GB
2015-11-10 06:11:51.563+0000 INFO  [o.n.k.i.DiagnosticsManager] Committed virtual memory: 4.77 GB
2015-11-10 06:11:51.563+0000 INFO  [o.n.k.i.DiagnosticsManager] Total swap space: 2.00 GB
2015-11-10 06:11:51.564+0000 INFO  [o.n.k.i.DiagnosticsManager] Free swap space: 1.31 GB
2015-11-10 06:11:51.565+0000 INFO  [o.n.k.i.DiagnosticsManager] JVM memory information:
2015-11-10 06:11:51.565+0000 INFO  [o.n.k.i.DiagnosticsManager] Free  memory: 81.02 MB
2015-11-10 06:11:51.565+0000 INFO  [o.n.k.i.DiagnosticsManager] Total memory: 128.00 MB
2015-11-10 06:11:51.565+0000 INFO  [o.n.k.i.DiagnosticsManager] Max   memory: 2.00 GB
2015-11-10 06:11:51.568+0000 INFO  [o.n.k.i.DiagnosticsManager] Garbage Collector: G1 Young Generation: [G1 Eden Space, G1 Survivor Space]
2015-11-10 06:11:51.568+0000 INFO  [o.n.k.i.DiagnosticsManager] Garbage Collector: G1 Old Generation: [G1 Eden Space, G1 Survivor Space, G1 Old Gen, G1 Perm Gen]
2015-11-10 06:11:51.570+0000 INFO  [o.n.k.i.DiagnosticsManager] Memory Pool: Code Cache (Non-heap memory): committed=2.44 MB, used=826.25 kB, max=48.00 MB, threshold=0.00 B
2015-11-10 06:11:51.570+0000 INFO  [o.n.k.i.DiagnosticsManager] Memory Pool: G1 Eden Space (Heap memory): committed=20.00 MB, used=5.00 MB, max=-1.00 B, threshold=?
2015-11-10 06:11:51.571+0000 INFO  [o.n.k.i.DiagnosticsManager] Memory Pool: G1 Survivor Space (Heap memory): committed=1.00 MB, used=1.00 MB, max=-1.00 B, threshold=?
2015-11-10 06:11:51.571+0000 INFO  [o.n.k.i.DiagnosticsManager] Memory Pool: G1 Old Gen (Heap memory): committed=107.00 MB, used=41.00 MB, max=2.00 GB, threshold=0.00 B
2015-11-10 06:11:51.572+0000 INFO  [o.n.k.i.DiagnosticsManager] Memory Pool: G1 Perm Gen (Non-heap memory): committed=20.00 MB, used=12.76 MB, max=82.00 MB, threshold=0.00 B
2015-11-10 06:11:51.572+0000 INFO  [o.n.k.i.DiagnosticsManager] Operating system information:
2015-11-10 06:11:51.573+0000 INFO  [o.n.k.i.DiagnosticsManager] Operating System: Mac OS X; version: 10.11; arch: x86_64; cpus: 4
2015-11-10 06:11:51.574+0000 INFO  [o.n.k.i.DiagnosticsManager] Max number of file descriptors: 10240
2015-11-10 06:11:51.575+0000 INFO  [o.n.k.i.DiagnosticsManager] Number of open file descriptors: 83
2015-11-10 06:11:51.934+0000 INFO  [o.n.k.i.DiagnosticsManager] Process id: 59099@MacBook-Pro.local
2015-11-10 06:11:51.934+0000 INFO  [o.n.k.i.DiagnosticsManager] Byte order: LITTLE_ENDIAN
2015-11-10 06:11:51.935+0000 INFO  [o.n.k.i.DiagnosticsManager] Local timezone: America/Los_Angeles
2015-11-10 06:11:51.935+0000 INFO  [o.n.k.i.DiagnosticsManager] JVM information:
2015-11-10 06:11:51.935+0000 INFO  [o.n.k.i.DiagnosticsManager] VM Name: Java HotSpot(TM) 64-Bit Server VM
2015-11-10 06:11:51.935+0000 INFO  [o.n.k.i.DiagnosticsManager] VM Vendor: Oracle Corporation
2015-11-10 06:11:51.935+0000 INFO  [o.n.k.i.DiagnosticsManager] VM Version: 24.80-b07
2015-11-10 06:11:51.936+0000 INFO  [o.n.k.i.DiagnosticsManager] JIT compiler: HotSpot 64-Bit Tiered Compilers
2015-11-10 06:11:51.936+0000 INFO  [o.n.k.i.DiagnosticsManager] VM Arguments: [-XX:+DisableExplicitGC, -Dorg.neo4j.server.properties=conf/neo4j-server.properties, -Dlog4j.configuration=file:conf/log4j.properties, -XX:+UseG1GC, -XX:-OmitStackTraceInFastThrow, -XX:hashCode=5, -Dneo4j.ext.udc.source=tarball, -Dneo4j.home=/Users/Divye/Desktop/Personal/research/CorpusM/neo4j-community-2.3.0, -Dneo4j.instance=/Users/Divye/Desktop/Personal/research/CorpusM/neo4j-community-2.3.0, -Dfile.encoding=UTF-8]
2015-11-10 06:11:51.937+0000 INFO  [o.n.k.i.DiagnosticsManager] Java classpath:
2015-11-10 06:11:51.940+0000 INFO  [o.n.k.i.DiagnosticsManager]  [classpath + loader.0] file:/Users/Divye/Desktop/Personal/research/CorpusM/neo4j-community-2.3.0/system/lib/jetty-server-9.2.4.v20141103.jar
2015-11-10 06:11:51.940+0000 INFO  [o.n.k.i.DiagnosticsManager]  [classpath + loader.0] file:/Users/Divye/Desktop/Personal/research/CorpusM/neo4j-community-2.3.0/lib/neo4j-cypher-compiler-2.3-2.3.0.jar
2015-11-10 06:11:51.941+0000 INFO  [o.n.k.i.DiagnosticsManager]  [classpath + loader.0] file:/Users/Divye/Desktop/Personal/research/CorpusM/neo4j-community-2.3.0/lib/neo4j-codegen-2.3.0.jar
2015-11-10 06:11:51.941+0000 INFO  [o.n.k.i.DiagnosticsManager]  [classpath + loader.0] file:/Users/Divye/Desktop/Personal/research/CorpusM/neo4j-community-2.3.0/system/lib/jersey-servlet-1.19.jar
2015-11-10 06:11:51.941+0000 INFO  [o.n.k.i.DiagnosticsManager]  [classpath + loader.0] file:/Users/Divye/Desktop/Personal/research/CorpusM/neo4j-community-2.3.0/system/lib/javax.servlet-api-3.1.0.jar
2015-11-10 06:11:51.941+0000 INFO  [o.n.k.i.DiagnosticsManager]  [classpath + loader.0] file:/Users/Divye/Desktop/Personal/research/CorpusM/neo4j-community-2.3.0/lib/scala-library-2.11.7.jar
2015-11-10 06:11:51.941+0000 INFO  [o.n.k.i.DiagnosticsManager]  [classpath + loader.0] file:/Users/Divye/Desktop/Personal/research/CorpusM/neo4j-community-2.3.0/conf/
2015-11-10 06:11:51.941+0000 INFO  [o.n.k.i.DiagnosticsManager]  [bootstrap] /Library/Java/JavaVirtualMachines/jdk1.7.0_80.jdk/Contents/Home/jre/lib/sunrsasign.jar
2015-11-10 06:11:51.941+0000 INFO  [o.n.k.i.DiagnosticsManager]  [loader.1] file:/System/Library/Java/Extensions/MRJToolkit.jar
2015-11-10 06:11:51.941+0000 INFO  [o.n.k.i.DiagnosticsManager]  [classpath + loader.0] file:/Users/Divye/Desktop/Personal/research/CorpusM/neo4j-community-2.3.0/system/lib/commons-beanutils-1.8.3.jar
2015-11-10 06:11:51.941+0000 INFO  [o.n.k.i.DiagnosticsManager]  [classpath + loader.0] file:/Users/Divye/Desktop/Personal/research/CorpusM/neo4j-community-2.3.0/system/lib/commons-logging-1.1.1.jar
2015-11-10 06:11:51.941+0000 INFO  [o.n.k.i.DiagnosticsManager]  [classpath + loader.0] file:/Users/Divye/Desktop/Personal/research/CorpusM/neo4j-community-2.3.0/lib/neo4j-shell-2.3.0.jar
2015-11-10 06:11:51.941+0000 INFO  [o.n.k.i.DiagnosticsManager]  [bootstrap] /Library/Java/JavaVirtualMachines/jdk1.7.0_80.jdk/Contents/Home/jre/lib/charsets.jar
2015-11-10 06:11:51.941+0000 INFO  [o.n.k.i.DiagnosticsManager]  [classpath + loader.0] file:/Users/Divye/Desktop/Personal/research/CorpusM/neo4j-community-2.3.0/lib/neo4j-primitive-collections-2.3.0.jar
2015-11-10 06:11:51.941+0000 INFO  [o.n.k.i.DiagnosticsManager]  [classpath + loader.0] file:/Users/Divye/Desktop/Personal/research/CorpusM/neo4j-community-2.3.0/system/lib/jetty-webapp-9.2.4.v20141103.jar
2015-11-10 06:11:51.941+0000 INFO  [o.n.k.i.DiagnosticsManager]  [classpath + loader.0] file:/Users/Divye/Desktop/Personal/research/CorpusM/neo4j-community-2.3.0/system/lib/jackson-core-asl-1.9.13.jar
2015-11-10 06:11:51.942+0000 INFO  [o.n.k.i.DiagnosticsManager]  [classpath + loader.0] file:/Users/Divye/Desktop/Personal/research/CorpusM/neo4j-community-2.3.0/lib/concurrentlinkedhashmap-lru-1.4.2.jar
2015-11-10 06:11:51.942+0000 INFO  [o.n.k.i.DiagnosticsManager]  [loader.1] file:/Library/Java/JavaVirtualMachines/jdk1.7.0_80.jdk/Contents/Home/jre/lib/ext/localedata.jar
2015-11-10 06:11:51.942+0000 INFO  [o.n.k.i.DiagnosticsManager]  [classpath + loader.0] file:/Users/Divye/Desktop/Personal/research/CorpusM/neo4j-community-2.3.0/system/lib/jsr311-api-1.1.2.r612.jar
2015-11-10 06:11:51.942+0000 INFO  [o.n.k.i.DiagnosticsManager]  [classpath + loader.0] file:/Users/Divye/Desktop/Personal/research/CorpusM/neo4j-community-2.3.0/system/lib/jetty-servlet-9.2.4.v20141103.jar
2015-11-10 06:11:51.942+0000 INFO  [o.n.k.i.DiagnosticsManager]  [classpath + loader.0] file:/Users/Divye/Desktop/Personal/research/CorpusM/neo4j-community-2.3.0/lib/neo4j-lucene-index-2.3.0.jar
2015-11-10 06:11:51.942+0000 INFO  [o.n.k.i.DiagnosticsManager]  [loader.1] file:/Library/Java/JavaVirtualMachines/jdk1.7.0_80.jdk/Contents/Home/jre/lib/ext/sunec.jar
2015-11-10 06:11:51.942+0000 INFO  [o.n.k.i.DiagnosticsManager]  [classpath + loader.0] file:/Users/Divye/Desktop/Personal/research/CorpusM/neo4j-community-2.3.0/lib/parboiled-core-1.1.7.jar
2015-11-10 06:11:51.942+0000 INFO  [o.n.k.i.DiagnosticsManager]  [loader.1] file:/Library/Java/JavaVirtualMachines/jdk1.7.0_80.jdk/Contents/Home/jre/lib/ext/sunjce_provider.jar
2015-11-10 06:11:51.942+0000 INFO  [o.n.k.i.DiagnosticsManager]  [classpath + loader.0] file:/Users/Divye/Desktop/Personal/research/CorpusM/neo4j-community-2.3.0/lib/commons-lang3-3.3.2.jar
2015-11-10 06:11:51.942+0000 INFO  [o.n.k.i.DiagnosticsManager]  [bootstrap] /Library/Java/JavaVirtualMachines/jdk1.7.0_80.jdk/Contents/Home/jre/classes
2015-11-10 06:11:51.942+0000 INFO  [o.n.k.i.DiagnosticsManager]  [classpath + loader.0] file:/Users/Divye/Desktop/Personal/research/CorpusM/neo4j-community-2.3.0/system/lib/jetty-xml-9.2.4.v20141103.jar
2015-11-10 06:11:51.942+0000 INFO  [o.n.k.i.DiagnosticsManager]  [classpath + loader.0] file:/Users/Divye/Desktop/Personal/research/CorpusM/neo4j-community-2.3.0/system/lib/slf4j-api-1.7.6.jar
2015-11-10 06:11:51.942+0000 INFO  [o.n.k.i.DiagnosticsManager]  [classpath + loader.0] file:/Users/Divye/Desktop/Personal/research/CorpusM/neo4j-community-2.3.0/system/lib/commons-configuration-1.10.jar
2015-11-10 06:11:51.942+0000 INFO  [o.n.k.i.DiagnosticsManager]  [classpath + loader.0] file:/Users/Divye/Desktop/Personal/research/CorpusM/neo4j-community-2.3.0/lib/neo4j-jmx-2.3.0.jar
2015-11-10 06:11:51.942+0000 INFO  [o.n.k.i.DiagnosticsManager]  [classpath + loader.0] file:/Users/Divye/Desktop/Personal/research/CorpusM/neo4j-community-2.3.0/lib/neo4j-graph-algo-2.3.0.jar
2015-11-10 06:11:51.943+0000 INFO  [o.n.k.i.DiagnosticsManager]  [classpath + loader.0] file:/Users/Divye/Desktop/Personal/research/CorpusM/neo4j-community-2.3.0/lib/neo4j-udc-2.3.0.jar
2015-11-10 06:11:51.943+0000 INFO  [o.n.k.i.DiagnosticsManager]  [classpath + loader.0] file:/Users/Divye/Desktop/Personal/research/CorpusM/neo4j-community-2.3.0/system/lib/mimepull-1.9.3.jar
2015-11-10 06:11:51.943+0000 INFO  [o.n.k.i.DiagnosticsManager]  [classpath + loader.0] file:/Users/Divye/Desktop/Personal/research/CorpusM/neo4j-community-2.3.0/lib/parboiled-scala_2.11-1.1.7.jar
2015-11-10 06:11:51.943+0000 INFO  [o.n.k.i.DiagnosticsManager]  [classpath + loader.0] file:/Users/Divye/Desktop/Personal/research/CorpusM/neo4j-community-2.3.0/lib/neo4j-cypher-compiler-1.9_2.11-2.0.5.jar
2015-11-10 06:11:51.944+0000 INFO  [o.n.k.i.DiagnosticsManager]  [classpath + loader.0] file:/Users/Divye/Desktop/Personal/research/CorpusM/neo4j-community-2.3.0/system/lib/asm-5.0.2.jar
2015-11-10 06:11:51.944+0000 INFO  [o.n.k.i.DiagnosticsManager]  [classpath + loader.0] file:/Users/Divye/Desktop/Personal/research/CorpusM/neo4j-community-2.3.0/system/lib/jetty-io-9.2.4.v20141103.jar
2015-11-10 06:11:51.944+0000 INFO  [o.n.k.i.DiagnosticsManager]  [classpath + loader.0] file:/Users/Divye/Desktop/Personal/research/CorpusM/neo4j-community-2.3.0/system/lib/neo4j-server-2.3.0.jar
2015-11-10 06:11:51.944+0000 INFO  [o.n.k.i.DiagnosticsManager]  [classpath + loader.0] file:/Users/Divye/Desktop/Personal/research/CorpusM/neo4j-community-2.3.0/system/lib/jersey-multipart-1.19.jar
2015-11-10 06:11:51.944+0000 INFO  [o.n.k.i.DiagnosticsManager]  [classpath + loader.0] file:/Users/Divye/Desktop/Personal/research/CorpusM/neo4j-community-2.3.0/lib/scala-reflect-2.11.7.jar
2015-11-10 06:11:51.944+0000 INFO  [o.n.k.i.DiagnosticsManager]  [classpath + loader.0] file:/Users/Divye/Desktop/Personal/research/CorpusM/neo4j-community-2.3.0/lib/jline-2.12.jar
2015-11-10 06:11:51.944+0000 INFO  [o.n.k.i.DiagnosticsManager]  [classpath + loader.0] file:/Users/Divye/Desktop/Personal/research/CorpusM/neo4j-community-2.3.0/system/lib/jetty-http-9.2.4.v20141103.jar
2015-11-10 06:11:51.944+0000 INFO  [o.n.k.i.DiagnosticsManager]  [classpath + loader.0] file:/Users/Divye/Desktop/Personal/research/CorpusM/neo4j-community-2.3.0/system/lib/jetty-security-9.2.4.v20141103.jar
2015-11-10 06:11:51.944+0000 INFO  [o.n.k.i.DiagnosticsManager]  [bootstrap] /Library/Java/JavaVirtualMachines/jdk1.7.0_80.jdk/Contents/Home/jre/lib/jsse.jar
2015-11-10 06:11:51.944+0000 INFO  [o.n.k.i.DiagnosticsManager]  [classpath + loader.0] file:/Users/Divye/Desktop/Personal/research/CorpusM/neo4j-community-2.3.0/system/lib/jetty-util-9.2.4.v20141103.jar
2015-11-10 06:11:51.944+0000 INFO  [o.n.k.i.DiagnosticsManager]  [classpath + loader.0] file:/Users/Divye/Desktop/Personal/research/CorpusM/neo4j-community-2.3.0/lib/lucene-core-3.6.2.jar
2015-11-10 06:11:51.944+0000 INFO  [o.n.k.i.DiagnosticsManager]  [classpath + loader.0] file:/Users/Divye/Desktop/Personal/research/CorpusM/neo4j-community-2.3.0/system/lib/jersey-server-1.19.jar
2015-11-10 06:11:51.944+0000 INFO  [o.n.k.i.DiagnosticsManager]  [classpath + loader.0] file:/Users/Divye/Desktop/Personal/research/CorpusM/neo4j-community-2.3.0/system/lib/logback-access-1.1.2.jar
2015-11-10 06:11:51.944+0000 INFO  [o.n.k.i.DiagnosticsManager]  [classpath + loader.0] file:/Users/Divye/Desktop/Personal/research/CorpusM/neo4j-community-2.3.0/system/lib/jackson-jaxrs-1.9.13.jar
2015-11-10 06:11:51.944+0000 INFO  [o.n.k.i.DiagnosticsManager]  [classpath + loader.0] file:/Users/Divye/Desktop/Personal/research/CorpusM/neo4j-community-2.3.0/lib/neo4j-consistency-check-2.3.0.jar
2015-11-10 06:11:51.945+0000 INFO  [o.n.k.i.DiagnosticsManager]  [classpath + loader.0] file:/Users/Divye/Desktop/Personal/research/CorpusM/neo4j-community-2.3.0/system/lib/jersey-core-1.19.jar
2015-11-10 06:11:51.945+0000 INFO  [o.n.k.i.DiagnosticsManager]  [classpath + loader.0] file:/Users/Divye/Desktop/Personal/research/CorpusM/neo4j-community-2.3.0/system/lib/commons-digester-2.1.jar
2015-11-10 06:11:51.945+0000 INFO  [o.n.k.i.DiagnosticsManager]  [classpath + loader.0] file:/Users/Divye/Desktop/Personal/research/CorpusM/neo4j-community-2.3.0/lib/neo4j-consistency-check-legacy-2.3.0.jar
2015-11-10 06:11:51.945+0000 INFO  [o.n.k.i.DiagnosticsManager]  [classpath + loader.0] file:/Users/Divye/Desktop/Personal/research/CorpusM/neo4j-community-2.3.0/lib/scala-parser-combinators_2.11-1.0.4.jar
2015-11-10 06:11:51.945+0000 INFO  [o.n.k.i.DiagnosticsManager]  [bootstrap] /Library/Java/JavaVirtualMachines/jdk1.7.0_80.jdk/Contents/Home/jre/lib/jce.jar
2015-11-10 06:11:51.945+0000 INFO  [o.n.k.i.DiagnosticsManager]  [classpath + loader.0] file:/Users/Divye/Desktop/Personal/research/CorpusM/neo4j-community-2.3.0/lib/neo4j-cypher-2.3.0.jar
2015-11-10 06:11:51.945+0000 INFO  [o.n.k.i.DiagnosticsManager]  [classpath + loader.0] file:/Users/Divye/Desktop/Personal/research/CorpusM/neo4j-community-2.3.0/system/lib/commons-io-2.4.jar
2015-11-10 06:11:51.945+0000 INFO  [o.n.k.i.DiagnosticsManager]  [classpath + loader.0] file:/Users/Divye/Desktop/Personal/research/CorpusM/neo4j-community-2.3.0/lib/neo4j-cypher-compiler-2.2_2.11-2.2.6.jar
2015-11-10 06:11:51.945+0000 INFO  [o.n.k.i.DiagnosticsManager]  [classpath + loader.0] file:/Users/Divye/Desktop/Personal/research/CorpusM/neo4j-community-2.3.0/lib/neo4j-cypher-frontend-2.3-2.3.0.jar
2015-11-10 06:11:51.945+0000 INFO  [o.n.k.i.DiagnosticsManager]  [classpath + loader.0] file:/Users/Divye/Desktop/Personal/research/CorpusM/neo4j-community-2.3.0/lib/neo4j-graph-matching-2.3.0.jar
2015-11-10 06:11:51.945+0000 INFO  [o.n.k.i.DiagnosticsManager]  [loader.1] file:/Library/Java/JavaVirtualMachines/jdk1.7.0_80.jdk/Contents/Home/jre/lib/ext/dnsns.jar
2015-11-10 06:11:51.945+0000 INFO  [o.n.k.i.DiagnosticsManager]  [loader.1] file:/Library/Java/JavaVirtualMachines/jdk1.7.0_80.jdk/Contents/Home/jre/lib/ext/zipfs.jar
2015-11-10 06:11:51.945+0000 INFO  [o.n.k.i.DiagnosticsManager]  [loader.1] file:/Library/Java/JavaVirtualMachines/jdk1.7.0_80.jdk/Contents/Home/jre/lib/ext/sunpkcs11.jar
2015-11-10 06:11:51.945+0000 INFO  [o.n.k.i.DiagnosticsManager]  [classpath + loader.0] file:/Users/Divye/Desktop/Personal/research/CorpusM/neo4j-community-2.3.0/system/lib/rhino-1.7R4.jar
2015-11-10 06:11:51.946+0000 INFO  [o.n.k.i.DiagnosticsManager]  [bootstrap] /Library/Java/JavaVirtualMachines/jdk1.7.0_80.jdk/Contents/Home/jre/lib/resources.jar
2015-11-10 06:11:51.946+0000 INFO  [o.n.k.i.DiagnosticsManager]  [classpath + loader.0] file:/Users/Divye/Desktop/Personal/research/CorpusM/neo4j-community-2.3.0/system/lib/logback-classic-1.1.2.jar
2015-11-10 06:11:51.946+0000 INFO  [o.n.k.i.DiagnosticsManager]  [classpath + loader.0] file:/Users/Divye/Desktop/Personal/research/CorpusM/neo4j-community-2.3.0/lib/neo4j-unsafe-2.3.0.jar
2015-11-10 06:11:51.946+0000 INFO  [o.n.k.i.DiagnosticsManager]  [classpath + loader.0] file:/Users/Divye/Desktop/Personal/research/CorpusM/neo4j-community-2.3.0/system/lib/commons-lang-2.6.jar
2015-11-10 06:11:51.946+0000 INFO  [o.n.k.i.DiagnosticsManager]  [classpath + loader.0] file:/Users/Divye/Desktop/Personal/research/CorpusM/neo4j-community-2.3.0/system/lib/netty-all-4.0.28.Final.jar
2015-11-10 06:11:51.946+0000 INFO  [o.n.k.i.DiagnosticsManager]  [classpath + loader.0] file:/Users/Divye/Desktop/Personal/research/CorpusM/neo4j-community-2.3.0/system/lib/neo4j-server-2.3.0-static-web.jar
2015-11-10 06:11:51.946+0000 INFO  [o.n.k.i.DiagnosticsManager]  [classpath + loader.0] file:/Users/Divye/Desktop/Personal/research/CorpusM/neo4j-community-2.3.0/lib/neo4j-kernel-2.3.0.jar
2015-11-10 06:11:51.946+0000 INFO  [o.n.k.i.DiagnosticsManager]  [classpath + loader.0] file:/Users/Divye/Desktop/Personal/research/CorpusM/neo4j-community-2.3.0/system/lib/bcprov-jdk15on-1.52.jar
2015-11-10 06:11:51.946+0000 INFO  [o.n.k.i.DiagnosticsManager]  [classpath + loader.0] file:/Users/Divye/Desktop/Personal/research/CorpusM/neo4j-community-2.3.0/lib/neo4j-logging-2.3.0.jar
2015-11-10 06:11:51.946+0000 INFO  [o.n.k.i.DiagnosticsManager]  [classpath + loader.0] file:/Users/Divye/Desktop/Personal/research/CorpusM/neo4j-community-2.3.0/system/lib/jackson-mapper-asl-1.9.13.jar
2015-11-10 06:11:51.946+0000 INFO  [o.n.k.i.DiagnosticsManager]  [classpath + loader.0] file:/Users/Divye/Desktop/Personal/research/CorpusM/neo4j-community-2.3.0/lib/opencsv-2.3.jar
2015-11-10 06:11:51.946+0000 INFO  [o.n.k.i.DiagnosticsManager]  [classpath + loader.0] file:/Users/Divye/Desktop/Personal/research/CorpusM/neo4j-community-2.3.0/lib/neo4j-csv-2.3.0.jar
2015-11-10 06:11:51.946+0000 INFO  [o.n.k.i.DiagnosticsManager]  [bootstrap] /Library/Java/JavaVirtualMachines/jdk1.7.0_80.jdk/Contents/Home/jre/lib/jfr.jar
2015-11-10 06:11:51.946+0000 INFO  [o.n.k.i.DiagnosticsManager]  [bootstrap] /Library/Java/JavaVirtualMachines/jdk1.7.0_80.jdk/Contents/Home/jre/lib/rt.jar
2015-11-10 06:11:51.946+0000 INFO  [o.n.k.i.DiagnosticsManager]  [classpath + loader.0] file:/Users/Divye/Desktop/Personal/research/CorpusM/neo4j-community-2.3.0/system/lib/neo4j-browser-2.3.0.jar
2015-11-10 06:11:51.946+0000 INFO  [o.n.k.i.DiagnosticsManager]  [classpath + loader.0] file:/Users/Divye/Desktop/Personal/research/CorpusM/neo4j-community-2.3.0/lib/neo4j-io-2.3.0.jar
2015-11-10 06:11:51.947+0000 INFO  [o.n.k.i.DiagnosticsManager]  [classpath + loader.0] file:/Users/Divye/Desktop/Personal/research/CorpusM/neo4j-community-2.3.0/lib/neo4j-function-2.3.0.jar
2015-11-10 06:11:51.947+0000 INFO  [o.n.k.i.DiagnosticsManager]  [classpath + loader.0] file:/Users/Divye/Desktop/Personal/research/CorpusM/neo4j-community-2.3.0/system/lib/logback-core-1.1.2.jar
2015-11-10 06:11:51.947+0000 INFO  [o.n.k.i.DiagnosticsManager]  [classpath + loader.0] file:/Users/Divye/Desktop/Personal/research/CorpusM/neo4j-community-2.3.0/lib/neo4j-import-tool-2.3.0.jar
2015-11-10 06:11:51.947+0000 INFO  [o.n.k.i.DiagnosticsManager]  [classpath + loader.0] file:/Users/Divye/Desktop/Personal/research/CorpusM/neo4j-community-2.3.0/system/lib/rrd4j-2.2.jar
2015-11-10 06:11:51.947+0000 INFO  [o.n.k.i.DiagnosticsManager]  [classpath + loader.0] file:/Users/Divye/Desktop/Personal/research/CorpusM/neo4j-community-2.3.0/lib/server-api-2.3.0.jar
2015-11-10 06:11:51.947+0000 INFO  [o.n.k.i.DiagnosticsManager] Library path:
2015-11-10 06:11:51.947+0000 INFO  [o.n.k.i.DiagnosticsManager] /Users/Divye/Library/Java/Extensions
2015-11-10 06:11:51.947+0000 INFO  [o.n.k.i.DiagnosticsManager] /Library/Java/Extensions
2015-11-10 06:11:51.947+0000 INFO  [o.n.k.i.DiagnosticsManager] /Network/Library/Java/Extensions
2015-11-10 06:11:51.947+0000 INFO  [o.n.k.i.DiagnosticsManager] /System/Library/Java/Extensions
2015-11-10 06:11:51.947+0000 INFO  [o.n.k.i.DiagnosticsManager] /usr/lib/java
2015-11-10 06:11:51.948+0000 INFO  [o.n.k.i.DiagnosticsManager] /Users/Divye/Desktop/Personal/research/CorpusM/neo4j-community-2.3.0
2015-11-10 06:11:51.948+0000 INFO  [o.n.k.i.DiagnosticsManager] System.properties:
2015-11-10 06:11:51.948+0000 INFO  [o.n.k.i.DiagnosticsManager] sun.boot.library.path = /Library/Java/JavaVirtualMachines/jdk1.7.0_80.jdk/Contents/Home/jre/lib
2015-11-10 06:11:51.948+0000 INFO  [o.n.k.i.DiagnosticsManager] org.neo4j.server.properties = conf/neo4j-server.properties
2015-11-10 06:11:51.948+0000 INFO  [o.n.k.i.DiagnosticsManager] gopherProxySet = false
2015-11-10 06:11:51.948+0000 INFO  [o.n.k.i.DiagnosticsManager] path.separator = :
2015-11-10 06:11:51.948+0000 INFO  [o.n.k.i.DiagnosticsManager] file.encoding.pkg = sun.io
2015-11-10 06:11:51.948+0000 INFO  [o.n.k.i.DiagnosticsManager] user.country = US
2015-11-10 06:11:51.948+0000 INFO  [o.n.k.i.DiagnosticsManager] sun.java.launcher = SUN_STANDARD
2015-11-10 06:11:51.948+0000 INFO  [o.n.k.i.DiagnosticsManager] sun.os.patch.level = unknown
2015-11-10 06:11:51.948+0000 INFO  [o.n.k.i.DiagnosticsManager] user.dir = /Users/Divye/Desktop/Personal/research/CorpusM/neo4j-community-2.3.0
2015-11-10 06:11:51.948+0000 INFO  [o.n.k.i.DiagnosticsManager] neo4j.ext.udc.source = tarball
2015-11-10 06:11:51.948+0000 INFO  [o.n.k.i.DiagnosticsManager] log4j.configuration = file:conf/log4j.properties
2015-11-10 06:11:51.949+0000 INFO  [o.n.k.i.DiagnosticsManager] sun.jnu.encoding = UTF-8
2015-11-10 06:11:51.949+0000 INFO  [o.n.k.i.DiagnosticsManager] sun.management.compiler = HotSpot 64-Bit Tiered Compilers
2015-11-10 06:11:51.949+0000 INFO  [o.n.k.i.DiagnosticsManager] http.nonProxyHosts = local|*.local|169.254/16|*.169.254/16
2015-11-10 06:11:51.949+0000 INFO  [o.n.k.i.DiagnosticsManager] user.home = /Users/Divye
2015-11-10 06:11:51.949+0000 INFO  [o.n.k.i.DiagnosticsManager] user.timezone = America/Los_Angeles
2015-11-10 06:11:51.949+0000 INFO  [o.n.k.i.DiagnosticsManager] file.encoding = UTF-8
2015-11-10 06:11:51.949+0000 INFO  [o.n.k.i.DiagnosticsManager] user.name = Divye
2015-11-10 06:11:51.949+0000 INFO  [o.n.k.i.DiagnosticsManager] sun.java.command = org.neo4j.server.CommunityBootstrapper
2015-11-10 06:11:51.949+0000 INFO  [o.n.k.i.DiagnosticsManager] sun.arch.data.model = 64
2015-11-10 06:11:51.949+0000 INFO  [o.n.k.i.DiagnosticsManager] user.language = en
2015-11-10 06:11:51.949+0000 INFO  [o.n.k.i.DiagnosticsManager] awt.toolkit = sun.lwawt.macosx.LWCToolkit
2015-11-10 06:11:51.949+0000 INFO  [o.n.k.i.DiagnosticsManager] file.separator = /
2015-11-10 06:11:51.950+0000 INFO  [o.n.k.i.DiagnosticsManager] sun.io.unicode.encoding = UnicodeBig
2015-11-10 06:11:51.950+0000 INFO  [o.n.k.i.DiagnosticsManager] sun.cpu.endian = little
2015-11-10 06:11:51.950+0000 INFO  [o.n.k.i.DiagnosticsManager] socksNonProxyHosts = local|*.local|169.254/16|*.169.254/16
2015-11-10 06:11:51.950+0000 INFO  [o.n.k.i.DiagnosticsManager] neo4j.instance = /Users/Divye/Desktop/Personal/research/CorpusM/neo4j-community-2.3.0
2015-11-10 06:11:51.950+0000 INFO  [o.n.k.i.DiagnosticsManager] ftp.nonProxyHosts = local|*.local|169.254/16|*.169.254/16
2015-11-10 06:11:51.950+0000 INFO  [o.n.k.i.DiagnosticsManager] neo4j.home = /Users/Divye/Desktop/Personal/research/CorpusM/neo4j-community-2.3.0
2015-11-10 06:11:51.950+0000 INFO  [o.n.k.i.DiagnosticsManager] sun.cpu.isalist = 
2015-11-10 06:11:51.950+0000 INFO  [o.n.k.i.DiagnosticsManager] Network information:
2015-11-10 06:11:51.953+0000 INFO  [o.n.k.i.DiagnosticsManager] Interface awdl0:
2015-11-10 06:11:51.954+0000 INFO  [o.n.k.i.DiagnosticsManager]     address: fe80:0:0:0:6c5a:12ff:fe50:1f22%6
2015-11-10 06:11:51.954+0000 INFO  [o.n.k.i.DiagnosticsManager] Interface en0:
2015-11-10 06:11:51.954+0000 INFO  [o.n.k.i.DiagnosticsManager]     address: 2601:602:8001:50e5:af:a486:e0d0:b0f3
2015-11-10 06:11:51.954+0000 INFO  [o.n.k.i.DiagnosticsManager]     address: 2601:602:8001:50e5:62f8:1dff:fec0:930e
2015-11-10 06:11:51.954+0000 INFO  [o.n.k.i.DiagnosticsManager]     address: fe80:0:0:0:62f8:1dff:fec0:930e%4
2015-11-10 06:11:51.954+0000 INFO  [o.n.k.i.DiagnosticsManager]     address: 10.0.0.4
2015-11-10 06:11:51.954+0000 INFO  [o.n.k.i.DiagnosticsManager] Interface lo0:
2015-11-10 06:11:51.954+0000 INFO  [o.n.k.i.DiagnosticsManager]     address: fe80:0:0:0:0:0:0:1%1
2015-11-10 06:11:51.955+0000 INFO  [o.n.k.i.DiagnosticsManager]     address: 0:0:0:0:0:0:0:1
2015-11-10 06:11:51.955+0000 INFO  [o.n.k.i.DiagnosticsManager]     address: 127.0.0.1
2015-11-10 06:11:51.955+0000 INFO  [o.n.k.i.DiagnosticsManager] --- INITIALIZED diagnostics END ---
2015-11-10 06:11:52.338+0000 INFO  [o.n.k.a.i.i.LuceneLabelScanStore] No lucene scan store index found, this might just be first use. Preparing to rebuild.
2015-11-10 06:11:52.400+0000 INFO  [o.n.k.NeoStoreDataSource] Opened logical log [/Users/Divye/Desktop/Personal/research/CorpusM/neo4j-community-2.3.0/data/graph.db/neostore.transaction.db.0] version=0, lastTxId=1 (clean)
2015-11-10 06:11:52.408+0000 WARN  [o.n.k.i.s.MetaDataStore] Missing counts store, rebuilding it.
2015-11-10 06:11:52.510+0000 INFO  [o.n.k.a.i.i.LuceneLabelScanStore] Rebuilding lucene scan store, this may take a while
2015-11-10 06:11:52.512+0000 INFO  [o.n.k.a.i.i.LuceneLabelScanStore] Lucene scan store rebuilt (roughly -1 nodes)
2015-11-10 06:11:52.516+0000 INFO  [o.n.k.KernelHealth] Kernel health set to OK
2015-11-10 06:11:52.795+0000 INFO  [o.n.k.i.f.CommunityFacadeFactory] Database is now ready
2015-11-10 06:11:52.796+0000 INFO  [o.n.k.i.DiagnosticsManager] --- STARTED diagnostics for KernelDiagnostics:Versions START ---
2015-11-10 06:11:52.796+0000 INFO  [o.n.k.i.DiagnosticsManager] Graph Database: Community StoreId{creationTime=1447135912221, randomId=8964361912567127170, storeVersion=15250506225055238, upgradeTime=1447135912221, upgradeId=1}
2015-11-10 06:11:52.796+0000 INFO  [o.n.k.i.DiagnosticsManager] Kernel version: 2.3.0,c6c3a7b
2015-11-10 06:11:52.796+0000 INFO  [o.n.k.i.DiagnosticsManager] --- STARTED diagnostics for KernelDiagnostics:Versions END ---
2015-11-10 06:11:52.798+0000 INFO  [o.n.k.i.DiagnosticsManager] --- STARTED diagnostics for NEO_STORE_VERSIONS START ---
2015-11-10 06:11:52.798+0000 INFO  [o.n.k.i.DiagnosticsManager] Store versions:
2015-11-10 06:11:52.798+0000 INFO  [o.n.k.i.DiagnosticsManager] Store versions:
2015-11-10 06:11:52.798+0000 INFO  [o.n.k.i.DiagnosticsManager] ArrayPropertyStore v0.A.6
2015-11-10 06:11:52.798+0000 INFO  [o.n.k.i.DiagnosticsManager] NodeStore v0.A.6
2015-11-10 06:11:52.798+0000 INFO  [o.n.k.i.DiagnosticsManager] StringPropertyStore v0.A.6
2015-11-10 06:11:52.798+0000 INFO  [o.n.k.i.DiagnosticsManager] PropertyIndexStore v0.A.6
2015-11-10 06:11:52.798+0000 INFO  [o.n.k.i.DiagnosticsManager] StringPropertyStore v0.A.6
2015-11-10 06:11:52.798+0000 INFO  [o.n.k.i.DiagnosticsManager] ArrayPropertyStore v0.A.6
2015-11-10 06:11:52.798+0000 INFO  [o.n.k.i.DiagnosticsManager] PropertyStore v0.A.6
2015-11-10 06:11:52.798+0000 INFO  [o.n.k.i.DiagnosticsManager] RelationshipStore v0.A.6
2015-11-10 06:11:52.798+0000 INFO  [o.n.k.i.DiagnosticsManager] StringPropertyStore v0.A.6
2015-11-10 06:11:52.799+0000 INFO  [o.n.k.i.DiagnosticsManager] RelationshipTypeStore v0.A.6
2015-11-10 06:11:52.799+0000 INFO  [o.n.k.i.DiagnosticsManager] StringPropertyStore v0.A.6
2015-11-10 06:11:52.799+0000 INFO  [o.n.k.i.DiagnosticsManager] LabelTokenStore v0.A.6
2015-11-10 06:11:52.799+0000 INFO  [o.n.k.i.DiagnosticsManager] SchemaStore v0.A.6
2015-11-10 06:11:52.799+0000 INFO  [o.n.k.i.DiagnosticsManager] RelationshipGroupStore v0.A.6
2015-11-10 06:11:52.799+0000 INFO  [o.n.k.i.DiagnosticsManager] NeoStore v0.A.6
2015-11-10 06:11:52.799+0000 INFO  [o.n.k.i.DiagnosticsManager] --- STARTED diagnostics for NEO_STORE_VERSIONS END ---
2015-11-10 06:11:52.799+0000 INFO  [o.n.k.i.DiagnosticsManager] --- STARTED diagnostics for NEO_STORE_ID_USAGE START ---
2015-11-10 06:11:52.799+0000 INFO  [o.n.k.i.DiagnosticsManager] Id usage:
2015-11-10 06:11:52.799+0000 INFO  [o.n.k.i.DiagnosticsManager] Id usage:
2015-11-10 06:11:52.799+0000 INFO  [o.n.k.i.DiagnosticsManager]   ArrayPropertyStore v0.A.6: used=1 high=0
2015-11-10 06:11:52.799+0000 INFO  [o.n.k.i.DiagnosticsManager]   NodeStore v0.A.6: used=0 high=-1
2015-11-10 06:11:52.800+0000 INFO  [o.n.k.i.DiagnosticsManager]   StringPropertyStore v0.A.6: used=1 high=0
2015-11-10 06:11:52.800+0000 INFO  [o.n.k.i.DiagnosticsManager]   PropertyIndexStore v0.A.6: used=0 high=-1
2015-11-10 06:11:52.800+0000 INFO  [o.n.k.i.DiagnosticsManager]   StringPropertyStore v0.A.6: used=1 high=0
2015-11-10 06:11:52.800+0000 INFO  [o.n.k.i.DiagnosticsManager]   ArrayPropertyStore v0.A.6: used=1 high=0
2015-11-10 06:11:52.800+0000 INFO  [o.n.k.i.DiagnosticsManager]   PropertyStore v0.A.6: used=0 high=-1
2015-11-10 06:11:52.800+0000 INFO  [o.n.k.i.DiagnosticsManager]   RelationshipStore v0.A.6: used=0 high=-1
2015-11-10 06:11:52.800+0000 INFO  [o.n.k.i.DiagnosticsManager]   StringPropertyStore v0.A.6: used=1 high=0
2015-11-10 06:11:52.800+0000 INFO  [o.n.k.i.DiagnosticsManager]   RelationshipTypeStore v0.A.6: used=0 high=-1
2015-11-10 06:11:52.801+0000 INFO  [o.n.k.i.DiagnosticsManager]   StringPropertyStore v0.A.6: used=1 high=0
2015-11-10 06:11:52.801+0000 INFO  [o.n.k.i.DiagnosticsManager]   LabelTokenStore v0.A.6: used=0 high=-1
2015-11-10 06:11:52.801+0000 INFO  [o.n.k.i.DiagnosticsManager]   SchemaStore v0.A.6: used=1 high=0
2015-11-10 06:11:52.801+0000 INFO  [o.n.k.i.DiagnosticsManager]   RelationshipGroupStore v0.A.6: used=1 high=0
2015-11-10 06:11:52.801+0000 INFO  [o.n.k.i.DiagnosticsManager]   NeoStore v0.A.6: used=13 high=12
2015-11-10 06:11:52.801+0000 INFO  [o.n.k.i.DiagnosticsManager] --- STARTED diagnostics for NEO_STORE_ID_USAGE END ---
2015-11-10 06:11:52.801+0000 INFO  [o.n.k.i.DiagnosticsManager] --- STARTED diagnostics for NEO_STORE_RECORDS START ---
2015-11-10 06:11:52.801+0000 INFO  [o.n.k.i.DiagnosticsManager] Neostore records:
2015-11-10 06:11:52.802+0000 INFO  [o.n.k.i.DiagnosticsManager] TIME (Creation time): 1447135912221
2015-11-10 06:11:52.802+0000 INFO  [o.n.k.i.DiagnosticsManager] RANDOM_NUMBER (Random number for store id): 8964361912567127170
2015-11-10 06:11:52.802+0000 INFO  [o.n.k.i.DiagnosticsManager] LOG_VERSION (Current log version): 0
2015-11-10 06:11:52.802+0000 INFO  [o.n.k.i.DiagnosticsManager] LAST_TRANSACTION_ID (Last committed transaction): 1
2015-11-10 06:11:52.802+0000 INFO  [o.n.k.i.DiagnosticsManager] STORE_VERSION (Store format version): 15250506225055238
2015-11-10 06:11:52.802+0000 INFO  [o.n.k.i.DiagnosticsManager] FIRST_GRAPH_PROPERTY (First property record containing graph properties): -1
2015-11-10 06:11:52.802+0000 INFO  [o.n.k.i.DiagnosticsManager] LAST_CONSTRAINT_TRANSACTION (Last committed transaction containing constraint changes): 0
2015-11-10 06:11:52.802+0000 INFO  [o.n.k.i.DiagnosticsManager] UPGRADE_TRANSACTION_ID (Transaction id most recent upgrade was performed at): 1
2015-11-10 06:11:52.802+0000 INFO  [o.n.k.i.DiagnosticsManager] UPGRADE_TIME (Time of last upgrade): 1447135912221
2015-11-10 06:11:52.802+0000 INFO  [o.n.k.i.DiagnosticsManager] LAST_TRANSACTION_CHECKSUM (Checksum of last committed transaction): 0
2015-11-10 06:11:52.802+0000 INFO  [o.n.k.i.DiagnosticsManager] UPGRADE_TRANSACTION_CHECKSUM (Checksum of transaction id the most recent upgrade was performed at): 0
2015-11-10 06:11:52.802+0000 INFO  [o.n.k.i.DiagnosticsManager] LAST_CLOSED_TRANSACTION_LOG_VERSION (Log version where the last transaction commit entry has been written into): 0
2015-11-10 06:11:52.802+0000 INFO  [o.n.k.i.DiagnosticsManager] LAST_CLOSED_TRANSACTION_LOG_BYTE_OFFSET (Byte offset in the log file where the last transaction commit entry has been written into): 16
2015-11-10 06:11:52.803+0000 INFO  [o.n.k.i.DiagnosticsManager] --- STARTED diagnostics for NEO_STORE_RECORDS END ---
2015-11-10 06:11:52.803+0000 INFO  [o.n.k.i.DiagnosticsManager] --- STARTED diagnostics for TRANSACTION_RANGE START ---
2015-11-10 06:11:52.803+0000 INFO  [o.n.k.i.DiagnosticsManager] Transaction log:
2015-11-10 06:11:52.803+0000 INFO  [o.n.k.i.DiagnosticsManager] No transactions found in any log
2015-11-10 06:11:52.803+0000 INFO  [o.n.k.i.DiagnosticsManager] --- STARTED diagnostics for TRANSACTION_RANGE END ---
2015-11-10 06:11:52.804+0000 INFO  [o.n.k.i.DiagnosticsManager] --- STARTED diagnostics for KernelDiagnostics:StoreFiles START ---
2015-11-10 06:11:52.804+0000 INFO  [o.n.k.i.DiagnosticsManager] Disk space on partition (Total / Free / Free %): 249821663232 / 16760594432 / 6
Storage files: (filename : modification date - size)
2015-11-10 06:11:52.805+0000 INFO  [o.n.k.i.DiagnosticsManager]   index:
2015-11-10 06:11:52.805+0000 INFO  [o.n.k.i.DiagnosticsManager]   - Total: 2015-11-09T22:11:52-0800 - 0.00 B
2015-11-10 06:11:52.805+0000 INFO  [o.n.k.i.DiagnosticsManager]   messages.log: 2015-11-09T22:11:52-0800 - 35.35 kB
2015-11-10 06:11:52.805+0000 INFO  [o.n.k.i.DiagnosticsManager]   neostore: 2015-11-09T22:11:52-0800 - 8.00 kB
2015-11-10 06:11:52.806+0000 INFO  [o.n.k.i.DiagnosticsManager]   neostore.counts.db.a: 2015-11-09T22:11:52-0800 - 96.00 B
2015-11-10 06:11:52.806+0000 INFO  [o.n.k.i.DiagnosticsManager]   neostore.id: 2015-11-09T22:11:52-0800 - 9.00 B
2015-11-10 06:11:52.806+0000 INFO  [o.n.k.i.DiagnosticsManager]   neostore.labeltokenstore.db: 2015-11-09T22:11:52-0800 - 0.00 B
2015-11-10 06:11:52.806+0000 INFO  [o.n.k.i.DiagnosticsManager]   neostore.labeltokenstore.db.id: 2015-11-09T22:11:52-0800 - 9.00 B
2015-11-10 06:11:52.807+0000 INFO  [o.n.k.i.DiagnosticsManager]   neostore.labeltokenstore.db.names: 2015-11-09T22:11:52-0800 - 8.00 kB
2015-11-10 06:11:52.807+0000 INFO  [o.n.k.i.DiagnosticsManager]   neostore.labeltokenstore.db.names.id: 2015-11-09T22:11:52-0800 - 9.00 B
2015-11-10 06:11:52.807+0000 INFO  [o.n.k.i.DiagnosticsManager]   neostore.nodestore.db: 2015-11-09T22:11:52-0800 - 0.00 B
2015-11-10 06:11:52.807+0000 INFO  [o.n.k.i.DiagnosticsManager]   neostore.nodestore.db.id: 2015-11-09T22:11:52-0800 - 9.00 B
2015-11-10 06:11:52.807+0000 INFO  [o.n.k.i.DiagnosticsManager]   neostore.nodestore.db.labels: 2015-11-09T22:11:52-0800 - 8.00 kB
2015-11-10 06:11:52.808+0000 INFO  [o.n.k.i.DiagnosticsManager]   neostore.nodestore.db.labels.id: 2015-11-09T22:11:52-0800 - 9.00 B
2015-11-10 06:11:52.808+0000 INFO  [o.n.k.i.DiagnosticsManager]   neostore.propertystore.db: 2015-11-09T22:11:52-0800 - 0.00 B
2015-11-10 06:11:52.808+0000 INFO  [o.n.k.i.DiagnosticsManager]   neostore.propertystore.db.arrays: 2015-11-09T22:11:52-0800 - 8.00 kB
2015-11-10 06:11:52.808+0000 INFO  [o.n.k.i.DiagnosticsManager]   neostore.propertystore.db.arrays.id: 2015-11-09T22:11:52-0800 - 9.00 B
2015-11-10 06:11:52.808+0000 INFO  [o.n.k.i.DiagnosticsManager]   neostore.propertystore.db.id: 2015-11-09T22:11:52-0800 - 9.00 B
2015-11-10 06:11:52.809+0000 INFO  [o.n.k.i.DiagnosticsManager]   neostore.propertystore.db.index: 2015-11-09T22:11:52-0800 - 0.00 B
2015-11-10 06:11:52.809+0000 INFO  [o.n.k.i.DiagnosticsManager]   neostore.propertystore.db.index.id: 2015-11-09T22:11:52-0800 - 9.00 B
2015-11-10 06:11:52.809+0000 INFO  [o.n.k.i.DiagnosticsManager]   neostore.propertystore.db.index.keys: 2015-11-09T22:11:52-0800 - 8.00 kB
2015-11-10 06:11:52.809+0000 INFO  [o.n.k.i.DiagnosticsManager]   neostore.propertystore.db.index.keys.id: 2015-11-09T22:11:52-0800 - 9.00 B
2015-11-10 06:11:52.810+0000 INFO  [o.n.k.i.DiagnosticsManager]   neostore.propertystore.db.strings: 2015-11-09T22:11:52-0800 - 8.00 kB
2015-11-10 06:11:52.810+0000 INFO  [o.n.k.i.DiagnosticsManager]   neostore.propertystore.db.strings.id: 2015-11-09T22:11:52-0800 - 9.00 B
2015-11-10 06:11:52.810+0000 INFO  [o.n.k.i.DiagnosticsManager]   neostore.relationshipgroupstore.db: 2015-11-09T22:11:52-0800 - 8.00 kB
2015-11-10 06:11:52.810+0000 INFO  [o.n.k.i.DiagnosticsManager]   neostore.relationshipgroupstore.db.id: 2015-11-09T22:11:52-0800 - 9.00 B
2015-11-10 06:11:52.811+0000 INFO  [o.n.k.i.DiagnosticsManager]   neostore.relationshipstore.db: 2015-11-09T22:11:52-0800 - 0.00 B
2015-11-10 06:11:52.811+0000 INFO  [o.n.k.i.DiagnosticsManager]   neostore.relationshipstore.db.id: 2015-11-09T22:11:52-0800 - 9.00 B
2015-11-10 06:11:52.811+0000 INFO  [o.n.k.i.DiagnosticsManager]   neostore.relationshiptypestore.db: 2015-11-09T22:11:52-0800 - 0.00 B
2015-11-10 06:11:52.811+0000 INFO  [o.n.k.i.DiagnosticsManager]   neostore.relationshiptypestore.db.id: 2015-11-09T22:11:52-0800 - 9.00 B
2015-11-10 06:11:52.811+0000 INFO  [o.n.k.i.DiagnosticsManager]   neostore.relationshiptypestore.db.names: 2015-11-09T22:11:52-0800 - 8.00 kB
2015-11-10 06:11:52.812+0000 INFO  [o.n.k.i.DiagnosticsManager]   neostore.relationshiptypestore.db.names.id: 2015-11-09T22:11:52-0800 - 9.00 B
2015-11-10 06:11:52.812+0000 INFO  [o.n.k.i.DiagnosticsManager]   neostore.schemastore.db: 2015-11-09T22:11:52-0800 - 8.00 kB
2015-11-10 06:11:52.812+0000 INFO  [o.n.k.i.DiagnosticsManager]   neostore.schemastore.db.id: 2015-11-09T22:11:52-0800 - 9.00 B
2015-11-10 06:11:52.812+0000 INFO  [o.n.k.i.DiagnosticsManager]   neostore.transaction.db.0: 2015-11-09T22:11:52-0800 - 16.00 B
2015-11-10 06:11:52.812+0000 INFO  [o.n.k.i.DiagnosticsManager]   schema:
2015-11-10 06:11:52.812+0000 INFO  [o.n.k.i.DiagnosticsManager]     label:
2015-11-10 06:11:52.813+0000 INFO  [o.n.k.i.DiagnosticsManager]       lucene:
2015-11-10 06:11:52.813+0000 INFO  [o.n.k.i.DiagnosticsManager]         write.lock: 2015-11-09T22:11:52-0800 - 0.00 B
2015-11-10 06:11:52.813+0000 INFO  [o.n.k.i.DiagnosticsManager]       - Total: 2015-11-09T22:11:52-0800 - 0.00 B
2015-11-10 06:11:52.813+0000 INFO  [o.n.k.i.DiagnosticsManager]     - Total: 2015-11-09T22:11:52-0800 - 0.00 B
2015-11-10 06:11:52.814+0000 INFO  [o.n.k.i.DiagnosticsManager]   - Total: 2015-11-09T22:11:52-0800 - 0.00 B
2015-11-10 06:11:52.814+0000 INFO  [o.n.k.i.DiagnosticsManager]   store_lock: 2015-11-09T22:11:52-0800 - 0.00 B
2015-11-10 06:11:52.814+0000 INFO  [o.n.k.i.DiagnosticsManager] --- STARTED diagnostics for KernelDiagnostics:StoreFiles END ---
2015-11-10 06:11:54.042+0000 INFO  [o.n.k.i.DiagnosticsManager] --- SERVER STARTED START ---
2015-11-10 06:11:55.879+0000 INFO  [o.n.k.i.DiagnosticsManager] --- SERVER STARTED END ---
